build/app/intermediates/manifest_merge_blame_file/debug/manifest-merger-blame-debug-report.txt
1<?xml version="1.0" encoding="utf-8"?>
2<manifest xmlns:android="http://schemas.android.com/apk/res/android"
3    package="com.example.my_family"
4    android:versionCode="1"
5    android:versionName="1.0.0" >
6
7    <uses-sdk
8        android:minSdkVersion="16"
9        android:targetSdkVersion="28" />
10    <!--
11         Flutter needs it to communicate with the running application
12         to allow setting breakpoints, to provide hot reload, etc.
13    -->
14    <uses-permission android:name="android.permission.INTERNET" />
14-->src\debug\AndroidManifest.xml:6:5-66
14-->src\debug\AndroidManifest.xml:6:22-64
15    <!--
16     io.flutter.app.FlutterApplication is an android.app.Application that
17         calls FlutterMain.startInitialization(this); in its onCreate method.
18         In most cases you can leave this as-is, but you if you want to provide
19         additional functionality it is fine to subclass or reimplement
20         FlutterApplication and put your custom class here.
21    -->
22    <uses-permission android:name="android:permissions.ACCESS_FINE_LOCATION" />
22-->src\main\AndroidManifest.xml:10:5-79
22-->src\main\AndroidManifest.xml:10:22-77
23    <uses-permission android:name="android.permission.ACCESS_COARSE_LOCATION" />
23-->[:location] AndroidManifest.xml:7:5-81
23-->[:location] AndroidManifest.xml:7:22-78
24    <uses-permission android:name="android.permission.ACCESS_FINE_LOCATION" /> <!-- Although the *SdkVersion is captured in gradle build files, this is required for non gradle builds -->
24-->[:location] AndroidManifest.xml:8:5-79
24-->[:location] AndroidManifest.xml:8:22-76
25    <!-- <uses-sdk android:minSdkVersion="14" /> -->
26    <uses-permission android:name="android.permission.ACCESS_NETWORK_STATE" />
26-->[com.google.firebase:firebase-firestore:21.3.0] AndroidManifest.xml:13:5-79
26-->[com.google.firebase:firebase-firestore:21.3.0] AndroidManifest.xml:13:22-76
27
28    <uses-feature
28-->[com.google.android.gms:play-services-maps:17.0.0] AndroidManifest.xml:26:5-28:35
29        android:glEsVersion="0x00020000"
29-->[com.google.android.gms:play-services-maps:17.0.0] AndroidManifest.xml:27:9-41
30        android:required="true" />
30-->[com.google.android.gms:play-services-maps:17.0.0] AndroidManifest.xml:28:9-32
31
32    <uses-permission android:name="android.permission.WAKE_LOCK" /> <!-- Required by older versions of Google Play services to create IID tokens -->
32-->[com.google.android.gms:play-services-measurement-api:17.2.2] AndroidManifest.xml:24:5-68
32-->[com.google.android.gms:play-services-measurement-api:17.2.2] AndroidManifest.xml:24:22-65
33    <uses-permission android:name="com.google.android.c2dm.permission.RECEIVE" />
33-->[com.google.firebase:firebase-iid:20.0.2] AndroidManifest.xml:26:5-82
33-->[com.google.firebase:firebase-iid:20.0.2] AndroidManifest.xml:26:22-79
34    <uses-permission android:name="com.google.android.finsky.permission.BIND_GET_INSTALL_REFERRER_SERVICE" />
34-->[com.google.android.gms:play-services-measurement:17.2.2] AndroidManifest.xml:26:5-110
34-->[com.google.android.gms:play-services-measurement:17.2.2] AndroidManifest.xml:26:22-107
35
36    <application
36-->src\main\AndroidManifest.xml:12:5-37:19
37        android:name="io.flutter.app.FlutterApplication"
37-->src\main\AndroidManifest.xml:13:9-57
38        android:appComponentFactory="androidx.core.app.CoreComponentFactory"
38-->[androidx.core:core:1.1.0] AndroidManifest.xml:24:18-86
39        android:debuggable="true"
40        android:icon="@mipmap/ic_launcher"
40-->src\main\AndroidManifest.xml:15:9-43
41        android:label="my_family" >
41-->src\main\AndroidManifest.xml:14:9-34
42        <meta-data
42-->src\main\AndroidManifest.xml:17:9-18:70
43            android:name="com.google.android.geo.API_KEY"
43-->src\main\AndroidManifest.xml:17:20-65
44            android:value="AIzaSyBcC_3lMKR5PVa1WiGEVWCKUYS7kAyRMNo" />
44-->src\main\AndroidManifest.xml:18:13-68
45
46        <activity
46-->src\main\AndroidManifest.xml:20:9-31:20
47            android:name="com.example.my_family.MainActivity"
47-->src\main\AndroidManifest.xml:21:13-41
48            android:configChanges="orientation|keyboardHidden|keyboard|screenSize|smallestScreenSize|locale|layoutDirection|fontScale|screenLayout|density|uiMode"
48-->src\main\AndroidManifest.xml:24:13-163
49            android:hardwareAccelerated="true"
49-->src\main\AndroidManifest.xml:25:13-47
50            android:launchMode="singleTop"
50-->src\main\AndroidManifest.xml:22:13-43
51            android:theme="@style/LaunchTheme"
51-->src\main\AndroidManifest.xml:23:13-47
52            android:windowSoftInputMode="adjustResize" >
52-->src\main\AndroidManifest.xml:26:13-55
53            <intent-filter>
53-->src\main\AndroidManifest.xml:27:13-30:29
54                <action android:name="android.intent.action.MAIN" />
54-->src\main\AndroidManifest.xml:28:17-68
54-->src\main\AndroidManifest.xml:28:25-66
55
56                <category android:name="android.intent.category.LAUNCHER" />
56-->src\main\AndroidManifest.xml:29:17-76
56-->src\main\AndroidManifest.xml:29:27-74
57            </intent-filter>
58        </activity>
59        <!--
60             Don't delete the meta-data below.
61             This is used by the Flutter tool to generate GeneratedPluginRegistrant.java
62        -->
63        <meta-data
63-->src\main\AndroidManifest.xml:34:9-36:33
64            android:name="flutterEmbedding"
64-->src\main\AndroidManifest.xml:35:13-44
65            android:value="2" />
65-->src\main\AndroidManifest.xml:36:13-30
66
67        <service
67-->[:cloud_firestore] AndroidManifest.xml:8:9-12:19
68            android:name="com.google.firebase.components.ComponentDiscoveryService"
68-->[:cloud_firestore] AndroidManifest.xml:8:18-89
69            android:directBootAware="true"
69-->[com.google.firebase:firebase-common:19.3.0] AndroidManifest.xml:34:13-43
70            android:exported="false" >
70-->[com.google.firebase:firebase-firestore:21.3.0] AndroidManifest.xml:19:13-37
71            <meta-data
71-->[:cloud_firestore] AndroidManifest.xml:9:13-11:85
72                android:name="com.google.firebase.components:io.flutter.plugins.firebase.cloudfirestore.FlutterFirebaseAppRegistrar"
72-->[:cloud_firestore] AndroidManifest.xml:10:17-133
73                android:value="com.google.firebase.components.ComponentRegistrar" />
73-->[:cloud_firestore] AndroidManifest.xml:11:17-82
74            <meta-data
74-->[:firebase_auth] AndroidManifest.xml:9:13-11:85
75                android:name="com.google.firebase.components:io.flutter.plugins.firebaseauth.FlutterFirebaseAppRegistrar"
75-->[:firebase_auth] AndroidManifest.xml:10:17-122
76                android:value="com.google.firebase.components.ComponentRegistrar" />
76-->[:firebase_auth] AndroidManifest.xml:11:17-82
77            <meta-data
77-->[:firebase_core] AndroidManifest.xml:9:13-11:85
78                android:name="com.google.firebase.components:io.flutter.plugins.firebase.core.FlutterFirebaseAppRegistrar"
78-->[:firebase_core] AndroidManifest.xml:10:17-123
79                android:value="com.google.firebase.components.ComponentRegistrar" />
79-->[:firebase_core] AndroidManifest.xml:11:17-82
80            <meta-data
80-->[com.google.firebase:firebase-firestore:21.3.0] AndroidManifest.xml:20:13-22:85
81                android:name="com.google.firebase.components:com.google.firebase.firestore.FirestoreRegistrar"
81-->[com.google.firebase:firebase-firestore:21.3.0] AndroidManifest.xml:21:17-111
82                android:value="com.google.firebase.components.ComponentRegistrar" />
82-->[com.google.firebase:firebase-firestore:21.3.0] AndroidManifest.xml:22:17-82
83            <meta-data
83-->[com.google.firebase:firebase-auth:17.0.0] AndroidManifest.xml:36:13-38:85
84                android:name="com.google.firebase.components:com.google.firebase.auth.FirebaseAuthRegistrar"
84-->[com.google.firebase:firebase-auth:17.0.0] AndroidManifest.xml:37:17-109
85                android:value="com.google.firebase.components.ComponentRegistrar" />
85-->[com.google.firebase:firebase-auth:17.0.0] AndroidManifest.xml:38:17-82
86            <meta-data
86-->[com.google.android.gms:play-services-measurement-api:17.2.2] AndroidManifest.xml:30:13-32:85
87                android:name="com.google.firebase.components:com.google.firebase.analytics.connector.internal.AnalyticsConnectorRegistrar"
87-->[com.google.android.gms:play-services-measurement-api:17.2.2] AndroidManifest.xml:31:17-139
88                android:value="com.google.firebase.components.ComponentRegistrar" />
88-->[com.google.android.gms:play-services-measurement-api:17.2.2] AndroidManifest.xml:32:17-82
89            <meta-data
89-->[com.google.firebase:firebase-iid:20.0.2] AndroidManifest.xml:32:13-34:85
90                android:name="com.google.firebase.components:com.google.firebase.iid.Registrar"
90-->[com.google.firebase:firebase-iid:20.0.2] AndroidManifest.xml:33:17-96
91                android:value="com.google.firebase.components.ComponentRegistrar" />
91-->[com.google.firebase:firebase-iid:20.0.2] AndroidManifest.xml:34:17-82
92        </service> <!-- Needs to be explicitly declared on P+ -->
93        <uses-library
93-->[com.google.android.gms:play-services-maps:17.0.0] AndroidManifest.xml:33:9-35:40
94            android:name="org.apache.http.legacy"
94-->[com.google.android.gms:play-services-maps:17.0.0] AndroidManifest.xml:34:13-50
95            android:required="false" />
95-->[com.google.android.gms:play-services-maps:17.0.0] AndroidManifest.xml:35:13-37
96
97        <activity
97-->[com.google.firebase:firebase-auth:17.0.0] AndroidManifest.xml:24:9-31:50
98            android:name="com.google.firebase.auth.internal.FederatedSignInActivity"
98-->[com.google.firebase:firebase-auth:17.0.0] AndroidManifest.xml:25:13-85
99            android:excludeFromRecents="true"
99-->[com.google.firebase:firebase-auth:17.0.0] AndroidManifest.xml:26:13-46
100            android:exported="true"
100-->[com.google.firebase:firebase-auth:17.0.0] AndroidManifest.xml:27:13-36
101            android:launchMode="singleTask"
101-->[com.google.firebase:firebase-auth:17.0.0] AndroidManifest.xml:28:13-44
102            android:permission="com.google.firebase.auth.api.gms.permission.LAUNCH_FEDERATED_SIGN_IN"
102-->[com.google.firebase:firebase-auth:17.0.0] AndroidManifest.xml:29:13-102
103            android:theme="@android:style/Theme.Translucent.NoTitleBar" />
103-->[com.google.firebase:firebase-auth:17.0.0] AndroidManifest.xml:30:13-72
104
105        <receiver
105-->[com.google.firebase:firebase-iid:20.0.2] AndroidManifest.xml:37:9-44:20
106            android:name="com.google.firebase.iid.FirebaseInstanceIdReceiver"
106-->[com.google.firebase:firebase-iid:20.0.2] AndroidManifest.xml:38:13-78
107            android:exported="true"
107-->[com.google.firebase:firebase-iid:20.0.2] AndroidManifest.xml:39:13-36
108            android:permission="com.google.android.c2dm.permission.SEND" >
108-->[com.google.firebase:firebase-iid:20.0.2] AndroidManifest.xml:40:13-73
109            <intent-filter>
109-->[com.google.firebase:firebase-iid:20.0.2] AndroidManifest.xml:41:13-43:29
110                <action android:name="com.google.android.c2dm.intent.RECEIVE" />
110-->[com.google.firebase:firebase-iid:20.0.2] AndroidManifest.xml:42:17-81
110-->[com.google.firebase:firebase-iid:20.0.2] AndroidManifest.xml:42:25-78
111            </intent-filter>
112        </receiver>
113
114        <activity
114-->[com.google.android.gms:play-services-base:17.0.0] AndroidManifest.xml:23:9-26:75
115            android:name="com.google.android.gms.common.api.GoogleApiActivity"
115-->[com.google.android.gms:play-services-base:17.0.0] AndroidManifest.xml:24:13-79
116            android:exported="false"
116-->[com.google.android.gms:play-services-base:17.0.0] AndroidManifest.xml:25:13-37
117            android:theme="@android:style/Theme.Translucent.NoTitleBar" />
117-->[com.google.android.gms:play-services-base:17.0.0] AndroidManifest.xml:26:13-72
118
119        <provider
119-->[com.google.firebase:firebase-common:19.3.0] AndroidManifest.xml:26:9-30:39
120            android:name="com.google.firebase.provider.FirebaseInitProvider"
120-->[com.google.firebase:firebase-common:19.3.0] AndroidManifest.xml:27:13-77
121            android:authorities="com.example.my_family.firebaseinitprovider"
121-->[com.google.firebase:firebase-common:19.3.0] AndroidManifest.xml:28:13-72
122            android:exported="false"
122-->[com.google.firebase:firebase-common:19.3.0] AndroidManifest.xml:29:13-37
123            android:initOrder="100" />
123-->[com.google.firebase:firebase-common:19.3.0] AndroidManifest.xml:30:13-36
124
125        <receiver
125-->[com.google.android.gms:play-services-measurement:17.2.2] AndroidManifest.xml:29:9-33:20
126            android:name="com.google.android.gms.measurement.AppMeasurementReceiver"
126-->[com.google.android.gms:play-services-measurement:17.2.2] AndroidManifest.xml:30:13-85
127            android:enabled="true"
127-->[com.google.android.gms:play-services-measurement:17.2.2] AndroidManifest.xml:31:13-35
128            android:exported="false" >
128-->[com.google.android.gms:play-services-measurement:17.2.2] AndroidManifest.xml:32:13-37
129        </receiver>
130        <receiver
130-->[com.google.android.gms:play-services-measurement:17.2.2] AndroidManifest.xml:34:9-42:20
131            android:name="com.google.android.gms.measurement.AppMeasurementInstallReferrerReceiver"
131-->[com.google.android.gms:play-services-measurement:17.2.2] AndroidManifest.xml:35:13-100
132            android:enabled="true"
132-->[com.google.android.gms:play-services-measurement:17.2.2] AndroidManifest.xml:36:13-35
133            android:exported="true"
133-->[com.google.android.gms:play-services-measurement:17.2.2] AndroidManifest.xml:37:13-36
134            android:permission="android.permission.INSTALL_PACKAGES" >
134-->[com.google.android.gms:play-services-measurement:17.2.2] AndroidManifest.xml:38:13-69
135            <intent-filter>
135-->[com.google.android.gms:play-services-measurement:17.2.2] AndroidManifest.xml:39:13-41:29
136                <action android:name="com.android.vending.INSTALL_REFERRER" />
136-->[com.google.android.gms:play-services-measurement:17.2.2] AndroidManifest.xml:40:17-79
136-->[com.google.android.gms:play-services-measurement:17.2.2] AndroidManifest.xml:40:25-76
137            </intent-filter>
138        </receiver>
139
140        <service
140-->[com.google.android.gms:play-services-measurement:17.2.2] AndroidManifest.xml:44:9-47:40
141            android:name="com.google.android.gms.measurement.AppMeasurementService"
141-->[com.google.android.gms:play-services-measurement:17.2.2] AndroidManifest.xml:45:13-84
142            android:enabled="true"
142-->[com.google.android.gms:play-services-measurement:17.2.2] AndroidManifest.xml:46:13-35
143            android:exported="false" />
143-->[com.google.android.gms:play-services-measurement:17.2.2] AndroidManifest.xml:47:13-37
144        <service
144-->[com.google.android.gms:play-services-measurement:17.2.2] AndroidManifest.xml:48:9-52:72
145            android:name="com.google.android.gms.measurement.AppMeasurementJobService"
145-->[com.google.android.gms:play-services-measurement:17.2.2] AndroidManifest.xml:49:13-87
146            android:enabled="true"
146-->[com.google.android.gms:play-services-measurement:17.2.2] AndroidManifest.xml:50:13-35
147            android:exported="false"
147-->[com.google.android.gms:play-services-measurement:17.2.2] AndroidManifest.xml:51:13-37
148            android:permission="android.permission.BIND_JOB_SERVICE" />
148-->[com.google.android.gms:play-services-measurement:17.2.2] AndroidManifest.xml:52:13-69
149
150        <meta-data
150-->[com.google.android.gms:play-services-basement:17.0.0] AndroidManifest.xml:23:9-25:69
151            android:name="com.google.android.gms.version"
151-->[com.google.android.gms:play-services-basement:17.0.0] AndroidManifest.xml:24:13-58
152            android:value="@integer/google_play_services_version" />
152-->[com.google.android.gms:play-services-basement:17.0.0] AndroidManifest.xml:25:13-66
153    </application>
154
155</manifest>